#
# There is insufficient memory for the Java Runtime Environment to continue.
# Native memory allocation (malloc) failed to allocate 1041056 bytes for Chunk::new
# Possible reasons:
#   The system is out of physical RAM or swap space
#   In 32 bit mode, the process size limit was hit
# Possible solutions:
#   Reduce memory load on the system
#   Increase physical memory or swap space
#   Check if swap backing store is full
#   Use 64 bit Java on a 64 bit OS
#   Decrease Java heap size (-Xmx/-Xms)
#   Decrease number of Java threads
#   Decrease Java thread stack sizes (-Xss)
#   Set larger code cache with -XX:ReservedCodeCacheSize=
# This output file may be truncated or incomplete.
#
#  Out of Memory Error (allocation.cpp:390), pid=4596, tid=0x00000000000025e0
#
# JRE version: OpenJDK Runtime Environment (8.0_152-b01) (build 1.8.0_152-release-1248-b01)
# Java VM: OpenJDK 64-Bit Server VM (25.152-b01 mixed mode windows-amd64 compressed oops)
# Failed to write core dump. Minidumps are not enabled by default on client versions of Windows
#

---------------  T H R E A D  ---------------

Current thread (0x00000000167ae000):  JavaThread "C2 CompilerThread0" daemon [_thread_in_native, id=9696, stack(0x0000000017e10000,0x0000000017f10000)]

Stack: [0x0000000017e10000,0x0000000017f10000]
[error occurred during error reporting (printing stack bounds), id 0xc0000005]

Native frames: (J=compiled Java code, j=interpreted, Vv=VM code, C=native code)


Current CompileTask:
C2: 583451 22100       4       org.gradle.internal.graph.CachingDirectedGraphWalker::doSearch (659 bytes)


---------------  P R O C E S S  ---------------

Java Threads: ( => current thread )
  0x000000001f4ff800 JavaThread "Cache worker for file content cache (C:\Users\Aluno.DESKTOP-3ASBCDM\Desktop\Aula180319\.gradle\4.6\fileContent)" [_thread_blocked, id=4124, stack(0x000000002f920000,0x000000002fa20000)]
  0x000000001f500000 JavaThread "Build operations Thread 4" [_thread_blocked, id=8504, stack(0x000000002f820000,0x000000002f920000)]
  0x000000001f4f6800 JavaThread "Build operations Thread 3" [_thread_blocked, id=9336, stack(0x000000002f720000,0x000000002f820000)]
  0x000000001f4fd000 JavaThread "Build operations Thread 2" [_thread_blocked, id=5904, stack(0x000000002f620000,0x000000002f720000)]
  0x000000001f4fb800 JavaThread "Build operations" [_thread_blocked, id=10204, stack(0x000000002f520000,0x000000002f620000)]
  0x000000001f4f8000 JavaThread "Cache worker for Artifact transforms cache (C:\Users\Aluno.DESKTOP-3ASBCDM\.gradle\caches\transforms-1)" [_thread_blocked, id=9640, stack(0x000000002f420000,0x000000002f520000)]
  0x000000001f4fb000 JavaThread "Cache worker for file hash cache (C:\Users\Aluno.DESKTOP-3ASBCDM\Desktop\Aula180319\.gradle\4.6\fileHashes)" [_thread_blocked, id=68, stack(0x000000002f320000,0x000000002f420000)]
  0x000000001f4f4000 JavaThread "Stdin handler" [_thread_blocked, id=6756, stack(0x000000002f220000,0x000000002f320000)]
  0x000000001f4f9800 JavaThread "Asynchronous log dispatcher for DefaultDaemonConnection: socket connection from /127.0.0.1:64782 to /127.0.0.1:65139" [_thread_blocked, id=9548, stack(0x000000002f120000,0x000000002f220000)]
  0x000000001f4f5000 JavaThread "Daemon worker Thread 4" [_thread_in_vm, id=9284, stack(0x000000002f020000,0x000000002f120000)]
  0x000000001f4f7000 JavaThread "Cancel handler" [_thread_blocked, id=9788, stack(0x000000002ef20000,0x000000002f020000)]
  0x000000001f4f3800 JavaThread "Handler for socket connection from /127.0.0.1:64782 to /127.0.0.1:65139" [_thread_in_native, id=9952, stack(0x000000002ee20000,0x000000002ef20000)]
  0x000000001f4f5800 JavaThread "Daemon Thread 4" [_thread_blocked, id=4012, stack(0x000000002ed20000,0x000000002ee20000)]
  0x000000001a92e000 JavaThread "pool-1-thread-1" [_thread_blocked, id=7396, stack(0x00000000232c0000,0x00000000233c0000)]
  0x000000001a930000 JavaThread "Memory manager" [_thread_blocked, id=5280, stack(0x0000000021ea0000,0x0000000021fa0000)]
  0x0000000019d3b000 JavaThread "File lock request listener" [_thread_in_native, id=5588, stack(0x000000001c240000,0x000000001c340000)]
  0x000000001980b800 JavaThread "Cache worker for file hash cache (C:\Users\Aluno.DESKTOP-3ASBCDM\.gradle\caches\4.6\fileHashes)" [_thread_blocked, id=4948, stack(0x000000001c140000,0x000000001c240000)]
  0x000000001978c000 JavaThread "Daemon periodic checks" [_thread_blocked, id=6996, stack(0x000000001b640000,0x000000001b740000)]
  0x0000000019334800 JavaThread "Incoming local TCP Connector on port 64782" [_thread_in_native, id=7620, stack(0x000000001b3f0000,0x000000001b4f0000)]
  0x0000000018149800 JavaThread "Service Thread" daemon [_thread_blocked, id=1888, stack(0x0000000018510000,0x0000000018610000)]
  0x00000000167c6000 JavaThread "C1 CompilerThread2" daemon [_thread_blocked, id=1696, stack(0x0000000018010000,0x0000000018110000)]
  0x00000000167b3000 JavaThread "C2 CompilerThread1" daemon [_thread_blocked, id=9292, stack(0x0000000017f10000,0x0000000018010000)]
=>0x00000000167ae000 JavaThread "C2 CompilerThread0" daemon [_thread_in_native, id=9696, stack(0x0000000017e10000,0x0000000017f10000)]
  0x00000000167ac800 JavaThread "Attach Listener" daemon [_thread_blocked, id=5144, stack(0x0000000017d10000,0x0000000017e10000)]
  0x00000000167ab800 JavaThread "Signal Dispatcher" daemon [_thread_blocked, id=9980, stack(0x0000000017c10000,0x0000000017d10000)]
  0x0000000002e3c000 JavaThread "Finalizer" daemon [_thread_blocked, id=1292, stack(0x0000000017a00000,0x0000000017b00000)]
  0x0000000002e30800 JavaThread "Reference Handler" daemon [_thread_blocked, id=3440, stack(0x0000000017900000,0x0000000017a00000)]
  0x0000000002d42800 JavaThread "main" [_thread_blocked, id=10156, stack(0x0000000002bd0000,0x0000000002cd0000)]

Other Threads:
  0x0000000016777000 VMThread [stack: 0x0000000017800000,0x0000000017900000] [id=9664]
  0x000000001814a000 WatcherThread [stack: 0x0000000018610000,0x0000000018710000] [id=7000]

VM state:not at safepoint (normal execution)

VM Mutex/Monitor currently owned by a thread: None

Heap:
 PSYoungGen      total 498176K, used 255093K [0x00000000e0000000, 0x0000000100000000, 0x0000000100000000)
  eden space 472064K, 50% used [0x00000000e0000000,0x00000000ee7f06b8,0x00000000fcd00000)
  from space 26112K, 67% used [0x00000000fe680000,0x00000000ff7ad090,0x0000000100000000)
  to   space 26112K, 0% used [0x00000000fcd00000,0x00000000fcd00000,0x00000000fe680000)
 ParOldGen       total 116736K, used 56029K [0x00000000a0000000, 0x00000000a7200000, 0x00000000e0000000)
  object space 116736K, 47% used [0x00000000a0000000,0x00000000a36b7620,0x00000000a7200000)
 Metaspace       used 93224K, capacity 97512K, committed 97752K, reserved 1134592K
  class space    used 11669K, capacity 12501K, committed 12544K, reserved 1048576K

Card table byte_map: [0x0000000012200000,0x0000000012510000] byte_map_base: 0x0000000011d00000

Marking Bits: (ParMarkBitMap*) 0x000000005a615aa0
 Begin Bits: [0x0000000012b10000, 0x0000000014310000)
 End Bits:   [0x0000000014310000, 0x0000000015b10000)

Polling page: 0x0000000001390000

CodeCache: size=245760Kb used=56837Kb max_used=56845Kb free=188922Kb
 bounds [0x0000000002e40000, 0x0000000006620000, 0x0000000011e40000]
 total_blobs=18687 nmethods=17791 adapters=806
 compilation: enabled

Compilation events (10 events):
Event: 583.113 Thread 0x00000000167c6000 nmethod 22112 0x0000000003bc0ad0 code [0x0000000003bc0c20, 0x0000000003bc0dd0]
Event: 583.114 Thread 0x00000000167c6000 22113       3       com.sun.org.apache.xerces.internal.util.IntStack::<init> (5 bytes)
Event: 583.115 Thread 0x00000000167c6000 nmethod 22113 0x0000000003bc0710 code [0x0000000003bc0860, 0x0000000003bc0a10]
Event: 583.116 Thread 0x00000000167b3000 22114       4       java.lang.ThreadLocal$ThreadLocalMap::remove (68 bytes)
Event: 583.118 Thread 0x00000000167c6000 22115   !   3       com.sun.org.apache.xerces.internal.util.XMLGrammarPoolImpl::retrieveInitialGrammarSet (124 bytes)
Event: 583.118 Thread 0x00000000167c6000 nmethod 22115 0x00000000039b7790 code [0x00000000039b7960, 0x00000000039b8328]
Event: 583.120 Thread 0x00000000167c6000 22116       3       javax.xml.namespace.QName::hashCode (16 bytes)
Event: 583.120 Thread 0x00000000167c6000 nmethod 22116 0x0000000003e3d610 code [0x0000000003e3d780, 0x0000000003e3da58]
Event: 583.121 Thread 0x00000000167b3000 nmethod 22114 0x000000000524fd50 code [0x000000000524fec0, 0x00000000052502b8]
Event: 583.121 Thread 0x00000000167b3000 22117       4       java.util.regex.Pattern::range (279 bytes)

GC Heap History (10 events):
Event: 168.310 GC heap before
{Heap before GC invocations=23 (full 3):
 PSYoungGen      total 491008K, used 476587K [0x00000000e0000000, 0x0000000100000000, 0x0000000100000000)
  eden space 461824K, 100% used [0x00000000e0000000,0x00000000fc300000,0x00000000fc300000)
  from space 29184K, 50% used [0x00000000fc300000,0x00000000fd16af70,0x00000000fdf80000)
  to   space 27648K, 0% used [0x00000000fe500000,0x00000000fe500000,0x0000000100000000)
 ParOldGen       total 116736K, used 55989K [0x00000000a0000000, 0x00000000a7200000, 0x00000000e0000000)
  object space 116736K, 47% used [0x00000000a0000000,0x00000000a36ad620,0x00000000a7200000)
 Metaspace       used 89804K, capacity 93392K, committed 93528K, reserved 1130496K
  class space    used 11339K, capacity 12115K, committed 12160K, reserved 1048576K
Event: 168.326 GC heap after
Heap after GC invocations=23 (full 3):
 PSYoungGen      total 493568K, used 17019K [0x00000000e0000000, 0x00000000ffe80000, 0x0000000100000000)
  eden space 467456K, 0% used [0x00000000e0000000,0x00000000e0000000,0x00000000fc880000)
  from space 26112K, 65% used [0x00000000fe500000,0x00000000ff59ee98,0x00000000ffe80000)
  to   space 27648K, 0% used [0x00000000fc880000,0x00000000fc880000,0x00000000fe380000)
 ParOldGen       total 116736K, used 55997K [0x00000000a0000000, 0x00000000a7200000, 0x00000000e0000000)
  object space 116736K, 47% used [0x00000000a0000000,0x00000000a36af620,0x00000000a7200000)
 Metaspace       used 89804K, capacity 93392K, committed 93528K, reserved 1130496K
  class space    used 11339K, capacity 12115K, committed 12160K, reserved 1048576K
}
Event: 169.453 GC heap before
{Heap before GC invocations=24 (full 3):
 PSYoungGen      total 493568K, used 484475K [0x00000000e0000000, 0x00000000ffe80000, 0x0000000100000000)
  eden space 467456K, 100% used [0x00000000e0000000,0x00000000fc880000,0x00000000fc880000)
  from space 26112K, 65% used [0x00000000fe500000,0x00000000ff59ee98,0x00000000ffe80000)
  to   space 27648K, 0% used [0x00000000fc880000,0x00000000fc880000,0x00000000fe380000)
 ParOldGen       total 116736K, used 55997K [0x00000000a0000000, 0x00000000a7200000, 0x00000000e0000000)
  object space 116736K, 47% used [0x00000000a0000000,0x00000000a36af620,0x00000000a7200000)
 Metaspace       used 89869K, capacity 93458K, committed 93528K, reserved 1130496K
  class space    used 11340K, capacity 12116K, committed 12160K, reserved 1048576K
Event: 169.471 GC heap after
Heap after GC invocations=24 (full 3):
 PSYoungGen      total 495104K, used 14229K [0x00000000e0000000, 0x00000000ffe80000, 0x0000000100000000)
  eden space 467456K, 0% used [0x00000000e0000000,0x00000000e0000000,0x00000000fc880000)
  from space 27648K, 51% used [0x00000000fc880000,0x00000000fd665590,0x00000000fe380000)
  to   space 26112K, 0% used [0x00000000fe500000,0x00000000fe500000,0x00000000ffe80000)
 ParOldGen       total 116736K, used 56005K [0x00000000a0000000, 0x00000000a7200000, 0x00000000e0000000)
  object space 116736K, 47% used [0x00000000a0000000,0x00000000a36b1620,0x00000000a7200000)
 Metaspace       used 89869K, capacity 93458K, committed 93528K, reserved 1130496K
  class space    used 11340K, capacity 12116K, committed 12160K, reserved 1048576K
}
Event: 171.971 GC heap before
{Heap before GC invocations=25 (full 3):
 PSYoungGen      total 495104K, used 481685K [0x00000000e0000000, 0x00000000ffe80000, 0x0000000100000000)
  eden space 467456K, 100% used [0x00000000e0000000,0x00000000fc880000,0x00000000fc880000)
  from space 27648K, 51% used [0x00000000fc880000,0x00000000fd665590,0x00000000fe380000)
  to   space 26112K, 0% used [0x00000000fe500000,0x00000000fe500000,0x00000000ffe80000)
 ParOldGen       total 116736K, used 56005K [0x00000000a0000000, 0x00000000a7200000, 0x00000000e0000000)
  object space 116736K, 47% used [0x00000000a0000000,0x00000000a36b1620,0x00000000a7200000)
 Metaspace       used 90217K, capacity 93794K, committed 94040K, reserved 1130496K
  class space    used 11358K, capacity 12130K, committed 12160K, reserved 1048576K
Event: 171.984 GC heap after
Heap after GC invocations=25 (full 3):
 PSYoungGen      total 494592K, used 14202K [0x00000000e0000000, 0x00000000ffc80000, 0x0000000100000000)
  eden space 470528K, 0% used [0x00000000e0000000,0x00000000e0000000,0x00000000fcb80000)
  from space 24064K, 59% used [0x00000000fe500000,0x00000000ff2debd0,0x00000000ffc80000)
  to   space 25088K, 0% used [0x00000000fcb80000,0x00000000fcb80000,0x00000000fe400000)
 ParOldGen       total 116736K, used 56013K [0x00000000a0000000, 0x00000000a7200000, 0x00000000e0000000)
  object space 116736K, 47% used [0x00000000a0000000,0x00000000a36b3620,0x00000000a7200000)
 Metaspace       used 90217K, capacity 93794K, committed 94040K, reserved 1130496K
  class space    used 11358K, capacity 12130K, committed 12160K, reserved 1048576K
}
Event: 177.143 GC heap before
{Heap before GC invocations=26 (full 3):
 PSYoungGen      total 494592K, used 484730K [0x00000000e0000000, 0x00000000ffc80000, 0x0000000100000000)
  eden space 470528K, 100% used [0x00000000e0000000,0x00000000fcb80000,0x00000000fcb80000)
  from space 24064K, 59% used [0x00000000fe500000,0x00000000ff2debd0,0x00000000ffc80000)
  to   space 25088K, 0% used [0x00000000fcb80000,0x00000000fcb80000,0x00000000fe400000)
 ParOldGen       total 116736K, used 56013K [0x00000000a0000000, 0x00000000a7200000, 0x00000000e0000000)
  object space 116736K, 47% used [0x00000000a0000000,0x00000000a36b3620,0x00000000a7200000)
 Metaspace       used 91346K, capacity 95118K, committed 95192K, reserved 1132544K
  class space    used 11474K, capacity 12240K, committed 12288K, reserved 1048576K
Event: 177.160 GC heap after
Heap after GC invocations=26 (full 3):
 PSYoungGen      total 495616K, used 19847K [0x00000000e0000000, 0x0000000100000000, 0x0000000100000000)
  eden space 470528K, 0% used [0x00000000e0000000,0x00000000e0000000,0x00000000fcb80000)
  from space 25088K, 79% used [0x00000000fcb80000,0x00000000fdee1cd0,0x00000000fe400000)
  to   space 26112K, 0% used [0x00000000fe680000,0x00000000fe680000,0x0000000100000000)
 ParOldGen       total 116736K, used 56021K [0x00000000a0000000, 0x00000000a7200000, 0x00000000e0000000)
  object space 116736K, 47% used [0x00000000a0000000,0x00000000a36b5620,0x00000000a7200000)
 Metaspace       used 91346K, capacity 95118K, committed 95192K, reserved 1132544K
  class space    used 11474K, capacity 12240K, committed 12288K, reserved 1048576K
}
Event: 250.150 GC heap before
{Heap before GC invocations=27 (full 3):
 PSYoungGen      total 495616K, used 490375K [0x00000000e0000000, 0x0000000100000000, 0x0000000100000000)
  eden space 470528K, 100% used [0x00000000e0000000,0x00000000fcb80000,0x00000000fcb80000)
  from space 25088K, 79% used [0x00000000fcb80000,0x00000000fdee1cd0,0x00000000fe400000)
  to   space 26112K, 0% used [0x00000000fe680000,0x00000000fe680000,0x0000000100000000)
 ParOldGen       total 116736K, used 56021K [0x00000000a0000000, 0x00000000a7200000, 0x00000000e0000000)
  object space 116736K, 47% used [0x00000000a0000000,0x00000000a36b5620,0x00000000a7200000)
 Metaspace       used 92461K, capacity 96478K, committed 96600K, reserved 1134592K
  class space    used 11607K, capacity 12406K, committed 12416K, reserved 1048576K
Event: 250.166 GC heap after
Heap after GC invocations=27 (full 3):
 PSYoungGen      total 498176K, used 17588K [0x00000000e0000000, 0x0000000100000000, 0x0000000100000000)
  eden space 472064K, 0% used [0x00000000e0000000,0x00000000e0000000,0x00000000fcd00000)
  from space 26112K, 67% used [0x00000000fe680000,0x00000000ff7ad090,0x0000000100000000)
  to   space 26112K, 0% used [0x00000000fcd00000,0x00000000fcd00000,0x00000000fe680000)
 ParOldGen       total 116736K, used 56029K [0x00000000a0000000, 0x00000000a7200000, 0x00000000e0000000)
  object space 116736K, 47% used [0x00000000a0000000,0x00000000a36b7620,0x00000000a7200000)
 Metaspace       used 92461K, capacity 96478K, committed 96600K, reserved 1134592K
  class space    used 11607K, capacity 12406K, committed 12416K, reserved 1048576K
}

Deoptimization events (10 events):
Event: 498.582 Thread 0x000000001f4f9800 Uncommon trap: reason=class_check action=maybe_recompile pc=0x00000000044eda0c method=org.gradle.internal.logging.sink.OutputEventRenderer$4.onOutput(Lorg/gradle/internal/logging/events/OutputEvent;)V @ 11
Event: 498.583 Thread 0x000000001f4f9800 Uncommon trap: reason=class_check action=maybe_recompile pc=0x00000000044eda0c method=org.gradle.internal.logging.sink.OutputEventRenderer$4.onOutput(Lorg/gradle/internal/logging/events/OutputEvent;)V @ 11
Event: 498.584 Thread 0x000000001f4f9800 Uncommon trap: reason=unstable_if action=reinterpret pc=0x000000000647b150 method=org.gradle.internal.progress.DefaultBuildOperationExecutor.execute(Lorg/gradle/internal/operations/BuildOperation;Lorg/gradle/internal/operations/BuildOperationWorker;Lorg/g
Event: 498.611 Thread 0x000000001f4f5000 Uncommon trap: reason=array_check action=maybe_recompile pc=0x0000000003c171d4 method=java.util.ComparableTimSort.binarySort([Ljava/lang/Object;III)V @ 215
Event: 498.613 Thread 0x000000001f4f5000 Uncommon trap: reason=class_check action=maybe_recompile pc=0x000000000493f5a4 method=java.io.ObjectOutputStream.writeObject0(Ljava/lang/Object;Z)V @ 240
Event: 498.614 Thread 0x000000001f4f5000 Uncommon trap: reason=class_check action=maybe_recompile pc=0x000000000493f5a4 method=java.io.ObjectOutputStream.writeObject0(Ljava/lang/Object;Z)V @ 240
Event: 498.614 Thread 0x000000001f4f5000 Uncommon trap: reason=class_check action=maybe_recompile pc=0x000000000493f5a4 method=java.io.ObjectOutputStream.writeObject0(Ljava/lang/Object;Z)V @ 240
Event: 498.615 Thread 0x000000001f4f5000 Uncommon trap: reason=class_check action=maybe_recompile pc=0x000000000493f5a4 method=java.io.ObjectOutputStream.writeObject0(Ljava/lang/Object;Z)V @ 240
Event: 498.615 Thread 0x000000001f4f5000 Uncommon trap: reason=array_check action=maybe_recompile pc=0x0000000003c17298 method=java.util.ComparableTimSort.binarySort([Ljava/lang/Object;III)V @ 193
Event: 498.618 Thread 0x000000001f4f5000 Uncommon trap: reason=array_check action=maybe_recompile pc=0x0000000003c17298 method=java.util.ComparableTimSort.binarySort([Ljava/lang/Object;III)V @ 193

Classes redefined (0 events):
No events

Internal exceptions (10 events):
Event: 583.060 Thread 0x000000001f4f5000 Exception <a 'sun/nio/fs/WindowsException'> (0x00000000eb7fc5d0) thrown at [D:\src\AOSP-openjdk-cygwin\jdk8u\hotspot\src\share\vm\prims\jni.cpp, line 709]
Event: 583.060 Thread 0x000000001f4f5000 Exception <a 'sun/nio/fs/WindowsException'> (0x00000000eb7fd2d0) thrown at [D:\src\AOSP-openjdk-cygwin\jdk8u\hotspot\src\share\vm\prims\jni.cpp, line 709]
Event: 583.060 Thread 0x000000001f4f5000 Exception <a 'sun/nio/fs/WindowsException'> (0x00000000eb8000c0) thrown at [D:\src\AOSP-openjdk-cygwin\jdk8u\hotspot\src\share\vm\prims\jni.cpp, line 709]
Event: 583.060 Thread 0x000000001f4f5000 Exception <a 'sun/nio/fs/WindowsException'> (0x00000000eb800e60) thrown at [D:\src\AOSP-openjdk-cygwin\jdk8u\hotspot\src\share\vm\prims\jni.cpp, line 709]
Event: 583.060 Thread 0x000000001f4f5000 Exception <a 'sun/nio/fs/WindowsException'> (0x00000000eb803008) thrown at [D:\src\AOSP-openjdk-cygwin\jdk8u\hotspot\src\share\vm\prims\jni.cpp, line 709]
Event: 583.060 Thread 0x000000001f4f5000 Exception <a 'sun/nio/fs/WindowsException'> (0x00000000eb803de8) thrown at [D:\src\AOSP-openjdk-cygwin\jdk8u\hotspot\src\share\vm\prims\jni.cpp, line 709]
Event: 583.060 Thread 0x000000001f4f5000 Exception <a 'sun/nio/fs/WindowsException'> (0x00000000eb807340) thrown at [D:\src\AOSP-openjdk-cygwin\jdk8u\hotspot\src\share\vm\prims\jni.cpp, line 709]
Event: 583.061 Thread 0x000000001f4f5000 Exception <a 'sun/nio/fs/WindowsException'> (0x00000000eb807cd0) thrown at [D:\src\AOSP-openjdk-cygwin\jdk8u\hotspot\src\share\vm\prims\jni.cpp, line 709]
Event: 583.061 Thread 0x000000001f4f5000 Exception <a 'sun/nio/fs/WindowsException'> (0x00000000eb809730) thrown at [D:\src\AOSP-openjdk-cygwin\jdk8u\hotspot\src\share\vm\prims\jni.cpp, line 709]
Event: 583.061 Thread 0x000000001f4f5000 Exception <a 'sun/nio/fs/WindowsException'> (0x00000000eb80a368) thrown at [D:\src\AOSP-openjdk-cygwin\jdk8u\hotspot\src\share\vm\prims\jni.cpp, line 709]

Events (10 events):
Event: 583.032 Thread 0x00000000167c6000 flushing nmethod 0x0000000003bc0610
Event: 583.032 Thread 0x00000000167c6000 flushing nmethod 0x0000000003c9fd90
Event: 583.033 Thread 0x00000000167c6000 flushing nmethod 0x0000000003e3d290
Event: 583.033 Thread 0x00000000167c6000 flushing nmethod 0x0000000004022dd0
Event: 583.035 Thread 0x00000000167c6000 flushing nmethod 0x00000000042d6010
Event: 583.047 Thread 0x00000000167c6000 flushing nmethod 0x0000000004ba7810
Event: 583.047 Thread 0x00000000167c6000 flushing nmethod 0x0000000004d96250
Event: 583.055 Thread 0x00000000167c6000 flushing nmethod 0x000000000524fb90
Event: 583.061 Executing VM operation: RevokeBias
Event: 583.061 Executing VM operation: RevokeBias done


Dynamic libraries:
0x00007ff67db20000 - 0x00007ff67db51000 	C:\Program Files\Android\Android Studio\jre\bin\java.exe
0x00007ffd14ef0000 - 0x00007ffd150d1000 	C:\WINDOWS\SYSTEM32\ntdll.dll
0x00007ffd12ac0000 - 0x00007ffd12b72000 	C:\WINDOWS\System32\KERNEL32.DLL
0x00007ffd12100000 - 0x00007ffd12373000 	C:\WINDOWS\System32\KERNELBASE.dll
0x00007ffd14d70000 - 0x00007ffd14e11000 	C:\WINDOWS\System32\ADVAPI32.dll
0x00007ffd128d0000 - 0x00007ffd1296e000 	C:\WINDOWS\System32\msvcrt.dll
0x00007ffd12f20000 - 0x00007ffd12f7b000 	C:\WINDOWS\System32\sechost.dll
0x00007ffd12990000 - 0x00007ffd12ab4000 	C:\WINDOWS\System32\RPCRT4.dll
0x00007ffd125e0000 - 0x00007ffd12770000 	C:\WINDOWS\System32\USER32.dll
0x00007ffd120e0000 - 0x00007ffd12100000 	C:\WINDOWS\System32\win32u.dll
0x00007ffd12590000 - 0x00007ffd125b8000 	C:\WINDOWS\System32\GDI32.dll
0x00007ffd11320000 - 0x00007ffd114b2000 	C:\WINDOWS\System32\gdi32full.dll
0x00007ffd12040000 - 0x00007ffd120df000 	C:\WINDOWS\System32\msvcp_win.dll
0x00007ffd117b0000 - 0x00007ffd118aa000 	C:\WINDOWS\System32\ucrtbase.dll
0x00007ffd01e00000 - 0x00007ffd02069000 	C:\WINDOWS\WinSxS\amd64_microsoft.windows.common-controls_6595b64144ccf1df_6.0.17134.523_none_fb409dd930672a56\COMCTL32.dll
0x00007ffd12b80000 - 0x00007ffd12ea2000 	C:\WINDOWS\System32\combase.dll
0x00007ffd11fc0000 - 0x00007ffd1203a000 	C:\WINDOWS\System32\bcryptPrimitives.dll
0x00007ffd14750000 - 0x00007ffd1477d000 	C:\WINDOWS\System32\IMM32.DLL
0x0000000059d70000 - 0x0000000059e42000 	C:\Program Files\Android\Android Studio\jre\jre\bin\msvcr100.dll
0x0000000059e50000 - 0x000000005a691000 	C:\Program Files\Android\Android Studio\jre\jre\bin\server\jvm.dll
0x00007ffd12970000 - 0x00007ffd12978000 	C:\WINDOWS\System32\PSAPI.DLL
0x00007ffd09a70000 - 0x00007ffd09a7a000 	C:\WINDOWS\SYSTEM32\VERSION.dll
0x00007ffd0f110000 - 0x00007ffd0f133000 	C:\WINDOWS\SYSTEM32\WINMM.dll
0x00007ffd08ee0000 - 0x00007ffd08ee9000 	C:\WINDOWS\SYSTEM32\WSOCK32.dll
0x00007ffd146e0000 - 0x00007ffd1474c000 	C:\WINDOWS\System32\WS2_32.dll
0x00007ffd0f0e0000 - 0x00007ffd0f10a000 	C:\WINDOWS\SYSTEM32\winmmbase.dll
0x00007ffd11760000 - 0x00007ffd117a9000 	C:\WINDOWS\System32\cfgmgr32.dll
0x00007ffd0deb0000 - 0x00007ffd0debf000 	C:\Program Files\Android\Android Studio\jre\jre\bin\verify.dll
0x00007ffcf7020000 - 0x00007ffcf7049000 	C:\Program Files\Android\Android Studio\jre\jre\bin\java.dll
0x00007ffd090f0000 - 0x00007ffd09106000 	C:\Program Files\Android\Android Studio\jre\jre\bin\zip.dll
0x00007ffd12f80000 - 0x00007ffd143c0000 	C:\WINDOWS\System32\SHELL32.dll
0x00007ffd14870000 - 0x00007ffd14919000 	C:\WINDOWS\System32\shcore.dll
0x00007ffd118b0000 - 0x00007ffd11fbd000 	C:\WINDOWS\System32\windows.storage.dll
0x00007ffd12380000 - 0x00007ffd123d1000 	C:\WINDOWS\System32\shlwapi.dll
0x00007ffd112a0000 - 0x00007ffd112b1000 	C:\WINDOWS\System32\kernel.appcore.dll
0x00007ffd11280000 - 0x00007ffd1129f000 	C:\WINDOWS\System32\profapi.dll
0x00007ffd11230000 - 0x00007ffd1127c000 	C:\WINDOWS\System32\powrprof.dll
0x00007ffd11200000 - 0x00007ffd1120a000 	C:\WINDOWS\System32\FLTLIB.DLL
0x00007ffd05090000 - 0x00007ffd050aa000 	C:\Program Files\Android\Android Studio\jre\jre\bin\net.dll
0x00007ffd10a20000 - 0x00007ffd10a86000 	C:\WINDOWS\system32\mswsock.dll
0x00007ffd04e90000 - 0x00007ffd04ea1000 	C:\Program Files\Android\Android Studio\jre\jre\bin\nio.dll
0x00007ffcf9380000 - 0x00007ffcf939e000 	C:\Users\Aluno.DESKTOP-3ASBCDM\.gradle\native\25\windows-amd64\native-platform.dll
0x00007ffd0cfc0000 - 0x00007ffd0cfcd000 	C:\Program Files\Android\Android Studio\jre\jre\bin\management.dll
0x00007ffd10bd0000 - 0x00007ffd10be7000 	C:\WINDOWS\SYSTEM32\CRYPTSP.dll
0x00007ffd10600000 - 0x00007ffd10633000 	C:\WINDOWS\system32\rsaenh.dll
0x00007ffd10d00000 - 0x00007ffd10d25000 	C:\WINDOWS\SYSTEM32\bcrypt.dll
0x00007ffd11130000 - 0x00007ffd11158000 	C:\WINDOWS\SYSTEM32\USERENV.dll
0x00007ffd10bf0000 - 0x00007ffd10bfb000 	C:\WINDOWS\SYSTEM32\CRYPTBASE.dll
0x00007ffd107a0000 - 0x00007ffd107d8000 	C:\WINDOWS\SYSTEM32\IPHLPAPI.DLL
0x00007ffd12f10000 - 0x00007ffd12f18000 	C:\WINDOWS\System32\NSI.dll
0x00007ffd0b5a0000 - 0x00007ffd0b5b6000 	C:\WINDOWS\SYSTEM32\dhcpcsvc6.DLL
0x00007ffd0b110000 - 0x00007ffd0b12a000 	C:\WINDOWS\SYSTEM32\dhcpcsvc.DLL
0x00007ffcf6480000 - 0x00007ffcf64a4000 	C:\Program Files\Android\Android Studio\jre\jre\bin\sunec.dll
0x00007ffd107e0000 - 0x00007ffd1089e000 	C:\WINDOWS\SYSTEM32\DNSAPI.dll
0x00007ffd09d20000 - 0x00007ffd09d2a000 	C:\Windows\System32\rasadhlp.dll
0x00007ffd0a9b0000 - 0x00007ffd0aa22000 	C:\WINDOWS\System32\fwpuclnt.dll
0x00007ffd056b0000 - 0x00007ffd056bb000 	C:\Program Files\Android\Android Studio\jre\jre\bin\sunmscapi.dll
0x00007ffd11570000 - 0x00007ffd11752000 	C:\WINDOWS\System32\CRYPT32.dll
0x00007ffd11210000 - 0x00007ffd11222000 	C:\WINDOWS\System32\MSASN1.dll

VM Arguments:
jvm_args: -Xmx1536m -Dfile.encoding=windows-1252 -Duser.country=BR -Duser.language=pt -Duser.variant 
java_command: org.gradle.launcher.daemon.bootstrap.GradleDaemon 4.6
java_class_path (initial): C:\Users\Aluno.DESKTOP-3ASBCDM\.gradle\wrapper\dists\gradle-4.6-all\bcst21l2brirad8k2ben1letg\gradle-4.6\lib\gradle-launcher-4.6.jar
Launcher Type: SUN_STANDARD

Environment Variables:
PATH=C:\Program Files (x86)\Common Files\Intel\Shared Files\cpp\bin\Intel64;C:\ProgramData\Oracle\Java\javapath;C:\WINDOWS\system32;C:\WINDOWS;C:\WINDOWS\System32\Wbem;C:\WINDOWS\System32\WindowsPowerShell\v1.0\;C:\Program Files (x86)\MySQL\MySQL Fabric 1.5 & MySQL Utilities 1.5\;C:\Program Files (x86)\MySQL\MySQL Fabric 1.5 & MySQL Utilities 1.5\Doctrine extensions for PHP\;C:\WINDOWS\system32\config\systemprofile\.dnx\bin;C:\Program Files\Microsoft DNX\Dnvm\;C:\cygwin64;C:\Program Files\Git\cmd;C:\Program Files\nodejs\;C:\Program Files\Microsoft SQL Server\120\Tools\Binn\;C:\Program Files\Microsoft SQL Server\Client SDK\ODBC\110\Tools\Binn\;C:\Program Files (x86)\Microsoft SQL Server\120\Tools\Binn\;C:\Program Files\Microsoft SQL Server\120\DTS\Binn\;C:\Program Files (x86)\Microsoft SQL Server\120\Tools\Binn\ManagementStudio\;C:\Program Files (x86)\Microsoft SQL Server\120\DTS\Binn\;C:\Program Files\Shield;C:\WINDOWS\System32\OpenSSH\;C:\Program Files\nodejs;C:\Users\Aluno.DESKTOP-3ASBCDM\AppData\Roaming\npm;C:\Android\sdk\platform-tools;%USERPROFILE%\AppData\Local\Microsoft\WindowsApps;
USERNAME=Aluno
OS=Windows_NT
PROCESSOR_IDENTIFIER=Intel64 Family 6 Model 60 Stepping 3, GenuineIntel



---------------  S Y S T E M  ---------------

OS: Windows 10.0 , 64 bit Build 17134 (10.0.17134.1)

CPU:total 4 (initial active 4) (4 cores per cpu, 1 threads per core) family 6 model 60 stepping 3, cmov, cx8, fxsr, mmx, sse, sse2, sse3, ssse3, sse4.1, sse4.2, popcnt, avx, avx2, aes, clmul, erms, lzcnt, tsc, tscinvbit, bmi1, bmi2

Memory: 4k page, physical 8281620k(1006896k free), swap 8281620k(872k free)

vm_info: OpenJDK 64-Bit Server VM (25.152-b01) for windows-amd64 JRE (1.8.0_152-release-1248-b01), built by "builder" with MS VC++ 10.0 (VS2010)

time: Mon Mar 18 21:24:02 2019
elapsed time: 583 seconds (0d 0h 9m 43s)

