#
# There is insufficient memory for the Java Runtime Environment to continue.
# Native memory allocation (malloc) failed to allocate 984016 bytes for Chunk::new
# Possible reasons:
#   The system is out of physical RAM or swap space
#   In 32 bit mode, the process size limit was hit
# Possible solutions:
#   Reduce memory load on the system
#   Increase physical memory or swap space
#   Check if swap backing store is full
#   Use 64 bit Java on a 64 bit OS
#   Decrease Java heap size (-Xmx/-Xms)
#   Decrease number of Java threads
#   Decrease Java thread stack sizes (-Xss)
#   Set larger code cache with -XX:ReservedCodeCacheSize=
# This output file may be truncated or incomplete.
#
#  Out of Memory Error (allocation.cpp:390), pid=3784, tid=0x0000000000001308
#
# JRE version: OpenJDK Runtime Environment (8.0_152-b01) (build 1.8.0_152-release-1248-b01)
# Java VM: OpenJDK 64-Bit Server VM (25.152-b01 mixed mode windows-amd64 compressed oops)
# Failed to write core dump. Minidumps are not enabled by default on client versions of Windows
#

---------------  T H R E A D  ---------------

Current thread (0x0000000016bd3000):  JavaThread "C2 CompilerThread1" daemon [_thread_in_native, id=4872, stack(0x0000000018330000,0x0000000018430000)]

Stack: [0x0000000018330000,0x0000000018430000]
[error occurred during error reporting (printing stack bounds), id 0xc0000005]

Native frames: (J=compiled Java code, j=interpreted, Vv=VM code, C=native code)


Current CompileTask:
C2:   8013 4057   !   4       com.sun.beans.TypeResolver::resolve (274 bytes)


---------------  P R O C E S S  ---------------

Java Threads: ( => current thread )
  0x000000001db05000 JavaThread "Memory manager" [_thread_blocked, id=4920, stack(0x0000000021140000,0x0000000021240000)]
  0x000000001db02800 JavaThread "Build operations Thread 4" [_thread_blocked, id=5012, stack(0x0000000020940000,0x0000000020a40000)]
  0x000000001db09800 JavaThread "Build operations Thread 3" [_thread_blocked, id=8064, stack(0x0000000020840000,0x0000000020940000)]
  0x000000001db04000 JavaThread "Build operations Thread 2" [_thread_blocked, id=6212, stack(0x0000000020740000,0x0000000020840000)]
  0x000000001db07000 JavaThread "Build operations" [_thread_blocked, id=6560, stack(0x000000001efd0000,0x000000001f0d0000)]
  0x000000001db08800 JavaThread "Cache worker for Artifact transforms cache (C:\Users\Aluno.DESKTOP-3ASBCDM\.gradle\caches\transforms-1)" [_thread_blocked, id=6808, stack(0x000000001ea00000,0x000000001eb00000)]
  0x0000000019fa7800 JavaThread "Cache worker for file hash cache (C:\Users\Aluno.DESKTOP-3ASBCDM\Desktop\Aula110319\.gradle\4.6\fileHashes)" [_thread_blocked, id=9560, stack(0x000000001c760000,0x000000001c860000)]
  0x000000001976d000 JavaThread "File lock request listener" [_thread_in_native, id=6228, stack(0x000000001c660000,0x000000001c760000)]
  0x0000000019b49000 JavaThread "Cache worker for file hash cache (C:\Users\Aluno.DESKTOP-3ASBCDM\.gradle\caches\4.6\fileHashes)" [_thread_blocked, id=6568, stack(0x000000001c560000,0x000000001c660000)]
  0x000000001953a000 JavaThread "Stdin handler" [_thread_blocked, id=5924, stack(0x000000001c260000,0x000000001c360000)]
  0x0000000019539800 JavaThread "Asynchronous log dispatcher for DefaultDaemonConnection: socket connection from /127.0.0.1:64567 to /127.0.0.1:64568" [_thread_blocked, id=5448, stack(0x000000001c160000,0x000000001c260000)]
  0x0000000019537000 JavaThread "Daemon worker" [_thread_in_vm, id=7844, stack(0x000000001c060000,0x000000001c160000)]
  0x0000000019534800 JavaThread "Cancel handler" [_thread_blocked, id=9896, stack(0x000000001bf60000,0x000000001c060000)]
  0x0000000019432800 JavaThread "Handler for socket connection from /127.0.0.1:64567 to /127.0.0.1:64568" [_thread_in_native, id=7948, stack(0x000000001bc60000,0x000000001bd60000)]
  0x0000000019431800 JavaThread "Daemon" [_thread_blocked, id=6584, stack(0x000000001bb60000,0x000000001bc60000)]
  0x000000001942d000 JavaThread "Daemon periodic checks" [_thread_blocked, id=9168, stack(0x000000001ba60000,0x000000001bb60000)]
  0x0000000019b1c000 JavaThread "Incoming local TCP Connector on port 64567" [_thread_in_native, id=2844, stack(0x000000001b810000,0x000000001b910000)]
  0x0000000018550800 JavaThread "Service Thread" daemon [_thread_blocked, id=5980, stack(0x0000000018930000,0x0000000018a30000)]
  0x0000000016bd6000 JavaThread "C1 CompilerThread2" daemon [_thread_in_native, id=1216, stack(0x0000000018430000,0x0000000018530000)]
=>0x0000000016bd3000 JavaThread "C2 CompilerThread1" daemon [_thread_in_native, id=4872, stack(0x0000000018330000,0x0000000018430000)]
  0x0000000016bce800 JavaThread "C2 CompilerThread0" daemon [_thread_in_native, id=1212, stack(0x0000000018230000,0x0000000018330000)]
  0x0000000016bcd000 JavaThread "Attach Listener" daemon [_thread_blocked, id=8480, stack(0x0000000018130000,0x0000000018230000)]
  0x0000000016bcc000 JavaThread "Signal Dispatcher" daemon [_thread_blocked, id=2020, stack(0x0000000018030000,0x0000000018130000)]
  0x000000000325c000 JavaThread "Finalizer" daemon [_thread_blocked, id=10064, stack(0x0000000017e20000,0x0000000017f20000)]
  0x0000000003250800 JavaThread "Reference Handler" daemon [_thread_blocked, id=1584, stack(0x0000000017d20000,0x0000000017e20000)]
  0x0000000003162800 JavaThread "main" [_thread_blocked, id=2724, stack(0x0000000003060000,0x0000000003160000)]

Other Threads:
  0x0000000016b97000 VMThread [stack: 0x0000000017c20000,0x0000000017d20000] [id=3576]
  0x0000000016c2d800 WatcherThread [stack: 0x0000000018a30000,0x0000000018b30000] [id=5292]

VM state:not at safepoint (normal execution)

VM Mutex/Monitor currently owned by a thread: None

Heap:
 PSYoungGen      total 149504K, used 25201K [0x00000000e0000000, 0x00000000ec980000, 0x0000000100000000)
  eden space 136704K, 9% used [0x00000000e0000000,0x00000000e0c1ece0,0x00000000e8580000)
  from space 12800K, 99% used [0x00000000e9480000,0x00000000ea0fdaf0,0x00000000ea100000)
  to   space 15360K, 0% used [0x00000000e8580000,0x00000000e8580000,0x00000000e9480000)
 ParOldGen       total 107520K, used 21683K [0x00000000a0000000, 0x00000000a6900000, 0x00000000e0000000)
  object space 107520K, 20% used [0x00000000a0000000,0x00000000a152cc28,0x00000000a6900000)
 Metaspace       used 43896K, capacity 44758K, committed 44928K, reserved 1087488K
  class space    used 5984K, capacity 6270K, committed 6272K, reserved 1048576K

Card table byte_map: [0x0000000012620000,0x0000000012930000] byte_map_base: 0x0000000012120000

Marking Bits: (ParMarkBitMap*) 0x00000000727b5aa0
 Begin Bits: [0x0000000012f30000, 0x0000000014730000)
 End Bits:   [0x0000000014730000, 0x0000000015f30000)

Polling page: 0x0000000001780000

CodeCache: size=245760Kb used=13594Kb max_used=13594Kb free=232166Kb
 bounds [0x0000000003260000, 0x0000000003fc0000, 0x0000000012260000]
 total_blobs=4607 nmethods=3869 adapters=650
 compilation: enabled

Compilation events (10 events):
Event: 8.008 Thread 0x0000000016bd6000 4200       3       com.sun.xml.bind.v2.model.annotation.RuntimeInlineAnnotationReader::hasFieldAnnotation (6 bytes)
Event: 8.008 Thread 0x0000000016bd6000 nmethod 4200 0x0000000003fae490 code [0x0000000003fae660, 0x0000000003faedd8]
Event: 8.008 Thread 0x0000000016bd6000 4201       3       com.sun.xml.bind.v2.model.nav.ReflectionNavigator::isSameType (13 bytes)
Event: 8.009 Thread 0x0000000016bd6000 nmethod 4201 0x0000000003faf250 code [0x0000000003faf3e0, 0x0000000003faf8e8]
Event: 8.009 Thread 0x0000000016bd6000 4202       3       com.sun.xml.bind.v2.model.nav.ReflectionNavigator::isSameType (6 bytes)
Event: 8.009 Thread 0x0000000016bd6000 nmethod 4202 0x0000000003fafa50 code [0x0000000003fafbc0, 0x0000000003fafde8]
Event: 8.009 Thread 0x0000000016bd6000 4203       3       com.sun.xml.bind.v2.model.nav.ReflectionNavigator$6::onClass (10 bytes)
Event: 8.009 Thread 0x0000000016bd6000 nmethod 4203 0x0000000003fafed0 code [0x0000000003fb0040, 0x0000000003fb0350]
Event: 8.009 Thread 0x0000000016bd6000 4204       3       com.sun.xml.bind.v2.model.nav.ReflectionNavigator$6::onClass (2 bytes)
Event: 8.009 Thread 0x0000000016bd6000 nmethod 4204 0x0000000003fb0410 code [0x0000000003fb0560, 0x0000000003fb06b0]

GC Heap History (10 events):
Event: 2.689 GC heap before
{Heap before GC invocations=6 (full 1):
 PSYoungGen      total 71680K, used 5088K [0x00000000e0000000, 0x00000000e9600000, 0x0000000100000000)
  eden space 66560K, 0% used [0x00000000e0000000,0x00000000e0000000,0x00000000e4100000)
  from space 5120K, 99% used [0x00000000e4100000,0x00000000e45f8030,0x00000000e4600000)
  to   space 10240K, 0% used [0x00000000e8c00000,0x00000000e8c00000,0x00000000e9600000)
 ParOldGen       total 87552K, used 8200K [0x00000000a0000000, 0x00000000a5580000, 0x00000000e0000000)
  object space 87552K, 9% used [0x00000000a0000000,0x00000000a08022a8,0x00000000a5580000)
 Metaspace       used 20751K, capacity 21160K, committed 21248K, reserved 1067008K
  class space    used 2905K, capacity 3044K, committed 3072K, reserved 1048576K
Event: 2.728 GC heap after
Heap after GC invocations=6 (full 1):
 PSYoungGen      total 71680K, used 0K [0x00000000e0000000, 0x00000000e9600000, 0x0000000100000000)
  eden space 66560K, 0% used [0x00000000e0000000,0x00000000e0000000,0x00000000e4100000)
  from space 5120K, 0% used [0x00000000e4100000,0x00000000e4100000,0x00000000e4600000)
  to   space 10240K, 0% used [0x00000000e8c00000,0x00000000e8c00000,0x00000000e9600000)
 ParOldGen       total 63488K, used 8262K [0x00000000a0000000, 0x00000000a3e00000, 0x00000000e0000000)
  object space 63488K, 13% used [0x00000000a0000000,0x00000000a0811860,0x00000000a3e00000)
 Metaspace       used 20751K, capacity 21160K, committed 21248K, reserved 1067008K
  class space    used 2905K, capacity 3044K, committed 3072K, reserved 1048576K
}
Event: 3.626 GC heap before
{Heap before GC invocations=7 (full 1):
 PSYoungGen      total 71680K, used 66560K [0x00000000e0000000, 0x00000000e9600000, 0x0000000100000000)
  eden space 66560K, 100% used [0x00000000e0000000,0x00000000e4100000,0x00000000e4100000)
  from space 5120K, 0% used [0x00000000e4100000,0x00000000e4100000,0x00000000e4600000)
  to   space 10240K, 0% used [0x00000000e8c00000,0x00000000e8c00000,0x00000000e9600000)
 ParOldGen       total 63488K, used 8262K [0x00000000a0000000, 0x00000000a3e00000, 0x00000000e0000000)
  object space 63488K, 13% used [0x00000000a0000000,0x00000000a0811860,0x00000000a3e00000)
 Metaspace       used 26552K, capacity 27106K, committed 27392K, reserved 1073152K
  class space    used 3639K, capacity 3801K, committed 3840K, reserved 1048576K
Event: 3.635 GC heap after
Heap after GC invocations=7 (full 1):
 PSYoungGen      total 104960K, used 7162K [0x00000000e0000000, 0x00000000e9300000, 0x0000000100000000)
  eden space 97792K, 0% used [0x00000000e0000000,0x00000000e0000000,0x00000000e5f80000)
  from space 7168K, 99% used [0x00000000e8c00000,0x00000000e92fe908,0x00000000e9300000)
  to   space 9728K, 0% used [0x00000000e8000000,0x00000000e8000000,0x00000000e8980000)
 ParOldGen       total 63488K, used 8270K [0x00000000a0000000, 0x00000000a3e00000, 0x00000000e0000000)
  object space 63488K, 13% used [0x00000000a0000000,0x00000000a0813860,0x00000000a3e00000)
 Metaspace       used 26552K, capacity 27106K, committed 27392K, reserved 1073152K
  class space    used 3639K, capacity 3801K, committed 3840K, reserved 1048576K
}
Event: 5.833 GC heap before
{Heap before GC invocations=8 (full 1):
 PSYoungGen      total 104960K, used 100033K [0x00000000e0000000, 0x00000000e9300000, 0x0000000100000000)
  eden space 97792K, 94% used [0x00000000e0000000,0x00000000e5ab1e18,0x00000000e5f80000)
  from space 7168K, 99% used [0x00000000e8c00000,0x00000000e92fe908,0x00000000e9300000)
  to   space 9728K, 0% used [0x00000000e8000000,0x00000000e8000000,0x00000000e8980000)
 ParOldGen       total 63488K, used 8270K [0x00000000a0000000, 0x00000000a3e00000, 0x00000000e0000000)
  object space 63488K, 13% used [0x00000000a0000000,0x00000000a0813860,0x00000000a3e00000)
 Metaspace       used 34646K, capacity 35232K, committed 35416K, reserved 1079296K
  class space    used 4795K, capacity 5020K, committed 5120K, reserved 1048576K
Event: 5.843 GC heap after
Heap after GC invocations=8 (full 1):
 PSYoungGen      total 140800K, used 9727K [0x00000000e0000000, 0x00000000ea100000, 0x0000000100000000)
  eden space 131072K, 0% used [0x00000000e0000000,0x00000000e0000000,0x00000000e8000000)
  from space 9728K, 99% used [0x00000000e8000000,0x00000000e897fc40,0x00000000e8980000)
  to   space 12800K, 0% used [0x00000000e9480000,0x00000000e9480000,0x00000000ea100000)
 ParOldGen       total 63488K, used 11339K [0x00000000a0000000, 0x00000000a3e00000, 0x00000000e0000000)
  object space 63488K, 17% used [0x00000000a0000000,0x00000000a0b12e70,0x00000000a3e00000)
 Metaspace       used 34646K, capacity 35232K, committed 35416K, reserved 1079296K
  class space    used 4795K, capacity 5020K, committed 5120K, reserved 1048576K
}
Event: 5.843 GC heap before
{Heap before GC invocations=9 (full 2):
 PSYoungGen      total 140800K, used 9727K [0x00000000e0000000, 0x00000000ea100000, 0x0000000100000000)
  eden space 131072K, 0% used [0x00000000e0000000,0x00000000e0000000,0x00000000e8000000)
  from space 9728K, 99% used [0x00000000e8000000,0x00000000e897fc40,0x00000000e8980000)
  to   space 12800K, 0% used [0x00000000e9480000,0x00000000e9480000,0x00000000ea100000)
 ParOldGen       total 63488K, used 11339K [0x00000000a0000000, 0x00000000a3e00000, 0x00000000e0000000)
  object space 63488K, 17% used [0x00000000a0000000,0x00000000a0b12e70,0x00000000a3e00000)
 Metaspace       used 34646K, capacity 35232K, committed 35416K, reserved 1079296K
  class space    used 4795K, capacity 5020K, committed 5120K, reserved 1048576K
Event: 5.916 GC heap after
Heap after GC invocations=9 (full 2):
 PSYoungGen      total 140800K, used 0K [0x00000000e0000000, 0x00000000ea100000, 0x0000000100000000)
  eden space 131072K, 0% used [0x00000000e0000000,0x00000000e0000000,0x00000000e8000000)
  from space 9728K, 0% used [0x00000000e8000000,0x00000000e8000000,0x00000000e8980000)
  to   space 12800K, 0% used [0x00000000e9480000,0x00000000e9480000,0x00000000ea100000)
 ParOldGen       total 107520K, used 19038K [0x00000000a0000000, 0x00000000a6900000, 0x00000000e0000000)
  object space 107520K, 17% used [0x00000000a0000000,0x00000000a1297998,0x00000000a6900000)
 Metaspace       used 34646K, capacity 35232K, committed 35416K, reserved 1079296K
  class space    used 4795K, capacity 5020K, committed 5120K, reserved 1048576K
}
Event: 7.890 GC heap before
{Heap before GC invocations=10 (full 2):
 PSYoungGen      total 140800K, used 131072K [0x00000000e0000000, 0x00000000ea100000, 0x0000000100000000)
  eden space 131072K, 100% used [0x00000000e0000000,0x00000000e8000000,0x00000000e8000000)
  from space 9728K, 0% used [0x00000000e8000000,0x00000000e8000000,0x00000000e8980000)
  to   space 12800K, 0% used [0x00000000e9480000,0x00000000e9480000,0x00000000ea100000)
 ParOldGen       total 107520K, used 19038K [0x00000000a0000000, 0x00000000a6900000, 0x00000000e0000000)
  object space 107520K, 17% used [0x00000000a0000000,0x00000000a1297998,0x00000000a6900000)
 Metaspace       used 43033K, capacity 43886K, committed 44288K, reserved 1087488K
  class space    used 5824K, capacity 6098K, committed 6144K, reserved 1048576K
Event: 7.902 GC heap after
Heap after GC invocations=10 (full 2):
 PSYoungGen      total 149504K, used 12790K [0x00000000e0000000, 0x00000000ec980000, 0x0000000100000000)
  eden space 136704K, 0% used [0x00000000e0000000,0x00000000e0000000,0x00000000e8580000)
  from space 12800K, 99% used [0x00000000e9480000,0x00000000ea0fdaf0,0x00000000ea100000)
  to   space 15360K, 0% used [0x00000000e8580000,0x00000000e8580000,0x00000000e9480000)
 ParOldGen       total 107520K, used 21683K [0x00000000a0000000, 0x00000000a6900000, 0x00000000e0000000)
  object space 107520K, 20% used [0x00000000a0000000,0x00000000a152cc28,0x00000000a6900000)
 Metaspace       used 43033K, capacity 43886K, committed 44288K, reserved 1087488K
  class space    used 5824K, capacity 6098K, committed 6144K, reserved 1048576K
}

Deoptimization events (10 events):
Event: 6.707 Thread 0x0000000019537000 Uncommon trap: reason=unstable_if action=reinterpret pc=0x0000000003a297b0 method=java.security.CodeSource.<init>(Ljava/net/URL;[Ljava/security/CodeSigner;)V @ 25
Event: 6.709 Thread 0x0000000019537000 Uncommon trap: reason=unstable_if action=reinterpret pc=0x000000000384ebec method=java.security.CodeSource.getCertificates()[Ljava/security/cert/Certificate; @ 22
Event: 6.710 Thread 0x0000000019537000 Uncommon trap: reason=unstable_if action=reinterpret pc=0x00000000039d3904 method=java.util.jar.JarFile$JarFileEntry.getCodeSigners()[Ljava/security/CodeSigner; @ 24
Event: 6.710 Thread 0x0000000019537000 Uncommon trap: reason=unstable_if action=reinterpret pc=0x00000000033b5e4c method=java.security.CodeSource.matchCerts(Ljava/security/CodeSource;Z)Z @ 11
Event: 6.731 Thread 0x0000000019537000 Uncommon trap: reason=unstable_if action=reinterpret pc=0x000000000357b5bc method=java.util.LinkedHashMap.get(Ljava/lang/Object;)Ljava/lang/Object; @ 20
Event: 6.865 Thread 0x0000000019537000 Uncommon trap: reason=unstable_if action=reinterpret pc=0x0000000003af16b4 method=org.objectweb.asm.ByteVector.putUTF8(Ljava/lang/String;)Lorg/objectweb/asm/ByteVector; @ 91
Event: 7.005 Thread 0x0000000019537000 Uncommon trap: reason=unstable_if action=reinterpret pc=0x00000000039c54b0 method=org.objectweb.asm.ByteVector.putUTF8(Ljava/lang/String;)Lorg/objectweb/asm/ByteVector; @ 91
Event: 7.436 Thread 0x0000000019537000 Uncommon trap: reason=unstable_if action=reinterpret pc=0x0000000003e1db1c method=org.gradle.internal.reflect.PropertyAccessorType.of(Ljava/lang/reflect/Method;)Lorg/gradle/internal/reflect/PropertyAccessorType; @ 56
Event: 7.647 Thread 0x0000000019537000 Uncommon trap: reason=class_check action=maybe_recompile pc=0x0000000003ad007c method=org.codehaus.groovy.runtime.metaclass.MetaMethodIndex.addMethodToList(Ljava/lang/Object;Lgroovy/lang/MetaMethod;)Ljava/lang/Object; @ 220
Event: 7.647 Thread 0x0000000019537000 Uncommon trap: reason=class_check action=maybe_recompile pc=0x0000000003ad007c method=org.codehaus.groovy.runtime.metaclass.MetaMethodIndex.addMethodToList(Ljava/lang/Object;Lgroovy/lang/MetaMethod;)Ljava/lang/Object; @ 220

Classes redefined (0 events):
No events

Internal exceptions (10 events):
Event: 7.842 Thread 0x0000000019537000 Exception <a 'sun/nio/fs/WindowsException'> (0x00000000e7a18f10) thrown at [D:\src\AOSP-openjdk-cygwin\jdk8u\hotspot\src\share\vm\prims\jni.cpp, line 709]
Event: 7.842 Thread 0x0000000019537000 Exception <a 'sun/nio/fs/WindowsException'> (0x00000000e7a19ac8) thrown at [D:\src\AOSP-openjdk-cygwin\jdk8u\hotspot\src\share\vm\prims\jni.cpp, line 709]
Event: 7.842 Thread 0x0000000019537000 Exception <a 'sun/nio/fs/WindowsException'> (0x00000000e7a1b6b8) thrown at [D:\src\AOSP-openjdk-cygwin\jdk8u\hotspot\src\share\vm\prims\jni.cpp, line 709]
Event: 7.842 Thread 0x0000000019537000 Exception <a 'sun/nio/fs/WindowsException'> (0x00000000e7a1c2b0) thrown at [D:\src\AOSP-openjdk-cygwin\jdk8u\hotspot\src\share\vm\prims\jni.cpp, line 709]
Event: 7.842 Thread 0x0000000019537000 Exception <a 'sun/nio/fs/WindowsException'> (0x00000000e7a1f468) thrown at [D:\src\AOSP-openjdk-cygwin\jdk8u\hotspot\src\share\vm\prims\jni.cpp, line 709]
Event: 7.842 Thread 0x0000000019537000 Exception <a 'sun/nio/fs/WindowsException'> (0x00000000e7a1fdf8) thrown at [D:\src\AOSP-openjdk-cygwin\jdk8u\hotspot\src\share\vm\prims\jni.cpp, line 709]
Event: 7.842 Thread 0x0000000019537000 Exception <a 'sun/nio/fs/WindowsException'> (0x00000000e7a21858) thrown at [D:\src\AOSP-openjdk-cygwin\jdk8u\hotspot\src\share\vm\prims\jni.cpp, line 709]
Event: 7.842 Thread 0x0000000019537000 Exception <a 'sun/nio/fs/WindowsException'> (0x00000000e7a222a8) thrown at [D:\src\AOSP-openjdk-cygwin\jdk8u\hotspot\src\share\vm\prims\jni.cpp, line 709]
Event: 7.848 Thread 0x0000000019537000 Exception <a 'java/lang/ClassNotFoundException': com/sun/org/glassfish/hk2/osgiresourcelocator/ServiceLoader> (0x00000000e7a7e408) thrown at [D:\src\AOSP-openjdk-cygwin\jdk8u\hotspot\src\share\vm\classfile\systemDictionary.cpp, line 210]
Event: 7.888 Thread 0x0000000019537000 Exception <a 'java/lang/NullPointerException'> (0x00000000e7febcf0) thrown at [D:\src\AOSP-openjdk-cygwin\jdk8u\hotspot\src\share\vm\interpreter\linkResolver.cpp, line 1301]

Events (10 events):
Event: 7.986 loading class com/sun/xml/bind/v2/model/impl/AttributePropertyInfoImpl$1
Event: 7.986 loading class com/sun/xml/bind/v2/model/impl/AttributePropertyInfoImpl$1 done
Event: 7.991 loading class com/android/repository/impl/meta/TypeDetails
Event: 7.991 loading class com/android/repository/impl/meta/TypeDetails done
Event: 7.991 loading class com/android/repository/impl/generated/v1/TypeDetails
Event: 7.991 loading class com/android/repository/impl/generated/v1/TypeDetails done
Event: 8.002 loading class com/android/repository/impl/meta/Archive$HostConfig
Event: 8.002 loading class com/android/repository/impl/meta/Archive$HostConfig done
Event: 8.009 loading class javax/xml/bind/annotation/XmlElementDecl$GLOBAL
Event: 8.009 loading class javax/xml/bind/annotation/XmlElementDecl$GLOBAL done


Dynamic libraries:
0x00007ff670c40000 - 0x00007ff670c71000 	C:\Program Files\Android\Android Studio\jre\bin\java.exe
0x00007ffa2f6d0000 - 0x00007ffa2f8b1000 	C:\WINDOWS\SYSTEM32\ntdll.dll
0x00007ffa2f2d0000 - 0x00007ffa2f382000 	C:\WINDOWS\System32\KERNEL32.DLL
0x00007ffa2c760000 - 0x00007ffa2c9d3000 	C:\WINDOWS\System32\KERNELBASE.dll
0x00007ffa2cb60000 - 0x00007ffa2cc01000 	C:\WINDOWS\System32\ADVAPI32.dll
0x00007ffa2ed20000 - 0x00007ffa2edbe000 	C:\WINDOWS\System32\msvcrt.dll
0x00007ffa2e8e0000 - 0x00007ffa2e93b000 	C:\WINDOWS\System32\sechost.dll
0x00007ffa2e9e0000 - 0x00007ffa2eb04000 	C:\WINDOWS\System32\RPCRT4.dll
0x00007ffa2eb90000 - 0x00007ffa2ed20000 	C:\WINDOWS\System32\USER32.dll
0x00007ffa2c640000 - 0x00007ffa2c660000 	C:\WINDOWS\System32\win32u.dll
0x00007ffa2f190000 - 0x00007ffa2f1b8000 	C:\WINDOWS\System32\GDI32.dll
0x00007ffa2bb50000 - 0x00007ffa2bce2000 	C:\WINDOWS\System32\gdi32full.dll
0x00007ffa2ca60000 - 0x00007ffa2caff000 	C:\WINDOWS\System32\msvcp_win.dll
0x00007ffa2c660000 - 0x00007ffa2c75a000 	C:\WINDOWS\System32\ucrtbase.dll
0x00007ffa1c190000 - 0x00007ffa1c3f9000 	C:\WINDOWS\WinSxS\amd64_microsoft.windows.common-controls_6595b64144ccf1df_6.0.17134.523_none_fb409dd930672a56\COMCTL32.dll
0x00007ffa2e160000 - 0x00007ffa2e482000 	C:\WINDOWS\System32\combase.dll
0x00007ffa2c9e0000 - 0x00007ffa2ca5a000 	C:\WINDOWS\System32\bcryptPrimitives.dll
0x00007ffa2f1c0000 - 0x00007ffa2f1ed000 	C:\WINDOWS\System32\IMM32.DLL
0x0000000071ef0000 - 0x0000000071fc2000 	C:\Program Files\Android\Android Studio\jre\jre\bin\msvcr100.dll
0x0000000071ff0000 - 0x0000000072831000 	C:\Program Files\Android\Android Studio\jre\jre\bin\server\jvm.dll
0x00007ffa2f460000 - 0x00007ffa2f468000 	C:\WINDOWS\System32\PSAPI.DLL
0x00007ffa1e510000 - 0x00007ffa1e519000 	C:\WINDOWS\SYSTEM32\WSOCK32.dll
0x00007ffa23e70000 - 0x00007ffa23e7a000 	C:\WINDOWS\SYSTEM32\VERSION.dll
0x00007ffa29980000 - 0x00007ffa299a3000 	C:\WINDOWS\SYSTEM32\WINMM.dll
0x00007ffa2f3f0000 - 0x00007ffa2f45c000 	C:\WINDOWS\System32\WS2_32.dll
0x00007ffa29950000 - 0x00007ffa2997a000 	C:\WINDOWS\SYSTEM32\WINMMBASE.dll
0x00007ffa2bee0000 - 0x00007ffa2bf29000 	C:\WINDOWS\System32\cfgmgr32.dll
0x00007ffa27400000 - 0x00007ffa2740f000 	C:\Program Files\Android\Android Studio\jre\jre\bin\verify.dll
0x00007ffa028e0000 - 0x00007ffa02909000 	C:\Program Files\Android\Android Studio\jre\jre\bin\java.dll
0x00007ffa206e0000 - 0x00007ffa206f6000 	C:\Program Files\Android\Android Studio\jre\jre\bin\zip.dll
0x00007ffa2ccc0000 - 0x00007ffa2e100000 	C:\WINDOWS\System32\SHELL32.dll
0x00007ffa2cc10000 - 0x00007ffa2ccb9000 	C:\WINDOWS\System32\shcore.dll
0x00007ffa2bf30000 - 0x00007ffa2c63d000 	C:\WINDOWS\System32\windows.storage.dll
0x00007ffa2f390000 - 0x00007ffa2f3e1000 	C:\WINDOWS\System32\shlwapi.dll
0x00007ffa2b9f0000 - 0x00007ffa2ba01000 	C:\WINDOWS\System32\kernel.appcore.dll
0x00007ffa2ba80000 - 0x00007ffa2ba9f000 	C:\WINDOWS\System32\profapi.dll
0x00007ffa2ba10000 - 0x00007ffa2ba5c000 	C:\WINDOWS\System32\powrprof.dll
0x00007ffa2b9e0000 - 0x00007ffa2b9ea000 	C:\WINDOWS\System32\FLTLIB.DLL
0x00007ffa10870000 - 0x00007ffa1088a000 	C:\Program Files\Android\Android Studio\jre\jre\bin\net.dll
0x00007ffa2b200000 - 0x00007ffa2b266000 	C:\WINDOWS\system32\mswsock.dll
0x00007ffa0dd90000 - 0x00007ffa0dda1000 	C:\Program Files\Android\Android Studio\jre\jre\bin\nio.dll
0x00007ff9fe020000 - 0x00007ff9fe03e000 	C:\Users\Aluno.DESKTOP-3ASBCDM\.gradle\native\25\windows-amd64\native-platform.dll
0x00007ffa21220000 - 0x00007ffa2122d000 	C:\Program Files\Android\Android Studio\jre\jre\bin\management.dll
0x00007ffa2b3b0000 - 0x00007ffa2b3c7000 	C:\WINDOWS\SYSTEM32\CRYPTSP.dll
0x00007ffa2ade0000 - 0x00007ffa2ae13000 	C:\WINDOWS\system32\rsaenh.dll
0x00007ffa2b4e0000 - 0x00007ffa2b505000 	C:\WINDOWS\SYSTEM32\bcrypt.dll
0x00007ffa2b910000 - 0x00007ffa2b938000 	C:\WINDOWS\SYSTEM32\USERENV.dll
0x00007ffa2b3d0000 - 0x00007ffa2b3db000 	C:\WINDOWS\SYSTEM32\CRYPTBASE.dll
0x00007ffa2af80000 - 0x00007ffa2afb8000 	C:\WINDOWS\SYSTEM32\IPHLPAPI.DLL
0x00007ffa2f470000 - 0x00007ffa2f478000 	C:\WINDOWS\System32\NSI.dll
0x00007ffa25150000 - 0x00007ffa25166000 	C:\WINDOWS\SYSTEM32\dhcpcsvc6.DLL
0x00007ffa25130000 - 0x00007ffa2514a000 	C:\WINDOWS\SYSTEM32\dhcpcsvc.DLL

VM Arguments:
jvm_args: -Xmx1536m -Dfile.encoding=windows-1252 -Duser.country=BR -Duser.language=pt -Duser.variant 
java_command: org.gradle.launcher.daemon.bootstrap.GradleDaemon 4.6
java_class_path (initial): C:\Users\Aluno.DESKTOP-3ASBCDM\.gradle\wrapper\dists\gradle-4.6-all\bcst21l2brirad8k2ben1letg\gradle-4.6\lib\gradle-launcher-4.6.jar
Launcher Type: SUN_STANDARD

Environment Variables:
PATH=C:\Program Files (x86)\Common Files\Intel\Shared Files\cpp\bin\Intel64;C:\ProgramData\Oracle\Java\javapath;C:\WINDOWS\system32;C:\WINDOWS;C:\WINDOWS\System32\Wbem;C:\WINDOWS\System32\WindowsPowerShell\v1.0\;C:\Program Files (x86)\MySQL\MySQL Fabric 1.5 & MySQL Utilities 1.5\;C:\Program Files (x86)\MySQL\MySQL Fabric 1.5 & MySQL Utilities 1.5\Doctrine extensions for PHP\;C:\Users\Aluno.DESKTOP-3ASBCDM\.dnx\bin;C:\Program Files\Microsoft DNX\Dnvm\;C:\cygwin64;C:\Program Files\Git\cmd;C:\Program Files\nodejs\;C:\Program Files\Microsoft SQL Server\120\Tools\Binn\;C:\Program Files\Microsoft SQL Server\Client SDK\ODBC\110\Tools\Binn\;C:\Program Files (x86)\Microsoft SQL Server\120\Tools\Binn\;C:\Program Files\Microsoft SQL Server\120\DTS\Binn\;C:\Program Files (x86)\Microsoft SQL Server\120\Tools\Binn\ManagementStudio\;C:\Program Files (x86)\Microsoft SQL Server\120\DTS\Binn\;C:\Program Files\Shield;C:\WINDOWS\System32\OpenSSH\;C:\Program Files\nodejs;C:\Users\Aluno.DESKTOP-3ASBCDM\AppData\Roaming\npm;C:\Android\sdk\platform-tools;C:\Users\Aluno.DESKTOP-3ASBCDM\AppData\Local\Microsoft\WindowsApps;;C:\Users\Aluno.DESKTOP-3ASBCDM\AppData\Local\Programs\Microsoft VS Code\bin
USERNAME=Aluno
OS=Windows_NT
PROCESSOR_IDENTIFIER=Intel64 Family 6 Model 60 Stepping 3, GenuineIntel



---------------  S Y S T E M  ---------------

OS: Windows 10.0 , 64 bit Build 17134 (10.0.17134.1)

CPU:total 4 (initial active 4) (4 cores per cpu, 1 threads per core) family 6 model 60 stepping 3, cmov, cx8, fxsr, mmx, sse, sse2, sse3, ssse3, sse4.1, sse4.2, popcnt, avx, avx2, aes, clmul, erms, lzcnt, tsc, tscinvbit, bmi1, bmi2

Memory: 4k page, physical 8281620k(2303288k free), swap 8281620k(5272k free)

vm_info: OpenJDK 64-Bit Server VM (25.152-b01) for windows-amd64 JRE (1.8.0_152-release-1248-b01), built by "builder" with MS VC++ 10.0 (VS2010)

time: Wed Mar 13 22:07:18 2019
elapsed time: 8 seconds (0d 0h 0m 8s)

